<?xml version="1.0" encoding="UTF-8"?>
<!-- Generated by org.testng.reporters.JUnitReportReporter -->
<testsuite hostname="LAPTOP-8BDQGNTS" failures="0" tests="2" name="Runner.MyRunner" time="22.599" errors="0" timestamp="2024-07-30T21:07:40 SGT" skipped="0">
  <testcase classname="Runner.MyRunner" name="runScenario" time="18.524"/>
  <system-out/>
  <testcase classname="Runner.MyRunner" name="runScenario" time="4.075"/>
  <system-out/>
</testsuite> <!-- Runner.MyRunner -->
